# JRE version: OpenJDK Runtime Environment (8.0_152-b01) (build 1.8.0_152-release-1343-b01)
# Java VM: OpenJDK 64-Bit Server VM (25.152-b01 mixed mode windows-amd64 compressed oops)
Heap:
 PSYoungGen      total 218624K, used 155127K [0x00000000eab00000, 0x00000000f9780000, 0x0000000100000000)
  eden space 195584K, 74% used [0x00000000eab00000,0x00000000f399f0d0,0x00000000f6a00000)
  from space 23040K, 39% used [0x00000000f6a00000,0x00000000f72dec18,0x00000000f8080000)
  to   space 21504K, 0% used [0x00000000f8080000,0x00000000f8080000,0x00000000f9580000)
 ParOldGen       total 98816K, used 40066K [0x00000000c0000000, 0x00000000c6080000, 0x00000000eab00000)
  object space 98816K, 40% used [0x00000000c0000000,0x00000000c2720870,0x00000000c6080000)
 Metaspace       used 75127K, capacity 78402K, committed 78488K, reserved 1118208K
  class space    used 9933K, capacity 10627K, committed 10672K, reserved 1048576K
GC Heap History (10 events):
Event: 10.633 GC heap before
{Heap before GC invocations=12 (full 2):
 PSYoungGen      total 174080K, used 93045K [0x00000000eab00000, 0x00000000f9580000, 0x0000000100000000)
  eden space 158720K, 48% used [0x00000000eab00000,0x00000000ef6de048,0x00000000f4600000)
  from space 15360K, 99% used [0x00000000f4600000,0x00000000f54ff7a0,0x00000000f5500000)
  to   space 21504K, 0% used [0x00000000f8080000,0x00000000f8080000,0x00000000f9580000)
 ParOldGen       total 98816K, used 32336K [0x00000000c0000000, 0x00000000c6080000, 0x00000000eab00000)
  object space 98816K, 32% used [0x00000000c0000000,0x00000000c1f940d0,0x00000000c6080000)
 Metaspace       used 57295K, capacity 59082K, committed 59160K, reserved 1099776K
  class space    used 7758K, capacity 8218K, committed 8240K, reserved 1048576K
Event: 10.658 GC heap after
Heap after GC invocations=12 (full 2):
 PSYoungGen      total 217088K, used 16726K [0x00000000eab00000, 0x00000000f9780000, 0x0000000100000000)
  eden space 195584K, 0% used [0x00000000eab00000,0x00000000eab00000,0x00000000f6a00000)
  from space 21504K, 77% used [0x00000000f8080000,0x00000000f90d5bb8,0x00000000f9580000)
  to   space 23040K, 0% used [0x00000000f6a00000,0x00000000f6a00000,0x00000000f8080000)
 ParOldGen       total 98816K, used 39355K [0x00000000c0000000, 0x00000000c6080000, 0x00000000eab00000)
  object space 98816K, 39% used [0x00000000c0000000,0x00000000c266ec60,0x00000000c6080000)
 Metaspace       used 57295K, capacity 59082K, committed 59160K, reserved 1099776K
  class space    used 7758K, capacity 8218K, committed 8240K, reserved 1048576K
}
Event: 10.658 GC heap before
{Heap before GC invocations=13 (full 3):
 PSYoungGen      total 217088K, used 16726K [0x00000000eab00000, 0x00000000f9780000, 0x0000000100000000)
  eden space 195584K, 0% used [0x00000000eab00000,0x00000000eab00000,0x00000000f6a00000)
  from space 21504K, 77% used [0x00000000f8080000,0x00000000f90d5bb8,0x00000000f9580000)
  to   space 23040K, 0% used [0x00000000f6a00000,0x00000000f6a00000,0x00000000f8080000)
 ParOldGen       total 98816K, used 39355K [0x00000000c0000000, 0x00000000c6080000, 0x00000000eab00000)
  object space 98816K, 39% used [0x00000000c0000000,0x00000000c266ec60,0x00000000c6080000)
 Metaspace       used 57295K, capacity 59082K, committed 59160K, reserved 1099776K
  class space    used 7758K, capacity 8218K, committed 8240K, reserved 1048576K
Event: 10.893 GC heap after
Heap after GC invocations=13 (full 3):
 PSYoungGen      total 217088K, used 0K [0x00000000eab00000, 0x00000000f9780000, 0x0000000100000000)
  eden space 195584K, 0% used [0x00000000eab00000,0x00000000eab00000,0x00000000f6a00000)
  from space 21504K, 0% used [0x00000000f8080000,0x00000000f8080000,0x00000000f9580000)
  to   space 23040K, 0% used [0x00000000f6a00000,0x00000000f6a00000,0x00000000f8080000)
 ParOldGen       total 98816K, used 40034K [0x00000000c0000000, 0x00000000c6080000, 0x00000000eab00000)
  object space 98816K, 40% used [0x00000000c0000000,0x00000000c2718870,0x00000000c6080000)
 Metaspace       used 57295K, capacity 59082K, committed 59160K, reserved 1099776K
  class space    used 7758K, capacity 8218K, committed 8240K, reserved 1048576K
}
Event: 16.250 GC heap before
{Heap before GC invocations=14 (full 3):
 PSYoungGen      total 217088K, used 195322K [0x00000000eab00000, 0x00000000f9780000, 0x0000000100000000)
  eden space 195584K, 99% used [0x00000000eab00000,0x00000000f69bebb0,0x00000000f6a00000)
  from space 21504K, 0% used [0x00000000f8080000,0x00000000f8080000,0x00000000f9580000)
  to   space 23040K, 0% used [0x00000000f6a00000,0x00000000f6a00000,0x00000000f8080000)
 ParOldGen       total 98816K, used 40034K [0x00000000c0000000, 0x00000000c6080000, 0x00000000eab00000)
  object space 98816K, 40% used [0x00000000c0000000,0x00000000c2718870,0x00000000c6080000)
 Metaspace       used 65556K, capacity 67610K, committed 67864K, reserved 1107968K
  class space    used 8683K, capacity 9214K, committed 9264K, reserved 1048576K
Event: 16.265 GC heap after
Heap after GC invocations=14 (full 3):
 PSYoungGen      total 218624K, used 12244K [0x00000000eab00000, 0x00000000f9780000, 0x0000000100000000)
  eden space 195584K, 0% used [0x00000000eab00000,0x00000000eab00000,0x00000000f6a00000)
  from space 23040K, 53% used [0x00000000f6a00000,0x00000000f75f5348,0x00000000f8080000)
  to   space 21504K, 0% used [0x00000000f8080000,0x00000000f8080000,0x00000000f9580000)
 ParOldGen       total 98816K, used 40050K [0x00000000c0000000, 0x00000000c6080000, 0x00000000eab00000)
  object space 98816K, 40% used [0x00000000c0000000,0x00000000c271c870,0x00000000c6080000)
 Metaspace       used 65556K, capacity 67610K, committed 67864K, reserved 1107968K
  class space    used 8683K, capacity 9214K, committed 9264K, reserved 1048576K
}
Event: 16.300 GC heap before
{Heap before GC invocations=15 (full 3):
 PSYoungGen      total 218624K, used 207489K [0x00000000eab00000, 0x00000000f9780000, 0x0000000100000000)
  eden space 195584K, 99% used [0x00000000eab00000,0x00000000f69ab358,0x00000000f6a00000)
  from space 23040K, 53% used [0x00000000f6a00000,0x00000000f75f5348,0x00000000f8080000)
  to   space 21504K, 0% used [0x00000000f8080000,0x00000000f8080000,0x00000000f9580000)
 ParOldGen       total 98816K, used 40050K [0x00000000c0000000, 0x00000000c6080000, 0x00000000eab00000)
  object space 98816K, 40% used [0x00000000c0000000,0x00000000c271c870,0x00000000c6080000)
 Metaspace       used 65569K, capacity 67610K, committed 67864K, reserved 1107968K
  class space    used 8683K, capacity 9214K, committed 9264K, reserved 1048576K
Event: 16.307 GC heap after
Heap after GC invocations=15 (full 3):
 PSYoungGen      total 217088K, used 9293K [0x00000000eab00000, 0x00000000f9780000, 0x0000000100000000)
  eden space 195584K, 0% used [0x00000000eab00000,0x00000000eab00000,0x00000000f6a00000)
  from space 21504K, 43% used [0x00000000f8080000,0x00000000f89935e0,0x00000000f9580000)
  to   space 23040K, 0% used [0x00000000f6a00000,0x00000000f6a00000,0x00000000f8080000)
 ParOldGen       total 98816K, used 40058K [0x00000000c0000000, 0x00000000c6080000, 0x00000000eab00000)
  object space 98816K, 40% used [0x00000000c0000000,0x00000000c271e870,0x00000000c6080000)
 Metaspace       used 65569K, capacity 67610K, committed 67864K, reserved 1107968K
  class space    used 8683K, capacity 9214K, committed 9264K, reserved 1048576K
}
Event: 16.339 GC heap before
{Heap before GC invocations=16 (full 3):
 PSYoungGen      total 217088K, used 204690K [0x00000000eab00000, 0x00000000f9780000, 0x0000000100000000)
  eden space 195584K, 99% used [0x00000000eab00000,0x00000000f69d1518,0x00000000f6a00000)
  from space 21504K, 43% used [0x00000000f8080000,0x00000000f89935e0,0x00000000f9580000)
  to   space 23040K, 0% used [0x00000000f6a00000,0x00000000f6a00000,0x00000000f8080000)
 ParOldGen       total 98816K, used 40058K [0x00000000c0000000, 0x00000000c6080000, 0x00000000eab00000)
  object space 98816K, 40% used [0x00000000c0000000,0x00000000c271e870,0x00000000c6080000)
 Metaspace       used 65576K, capacity 67610K, committed 67864K, reserved 1107968K
  class space    used 8683K, capacity 9214K, committed 9264K, reserved 1048576K
Event: 16.345 GC heap after
Heap after GC invocations=16 (full 3):
 PSYoungGen      total 218624K, used 9083K [0x00000000eab00000, 0x00000000f9780000, 0x0000000100000000)
  eden space 195584K, 0% used [0x00000000eab00000,0x00000000eab00000,0x00000000f6a00000)
  from space 23040K, 39% used [0x00000000f6a00000,0x00000000f72dec18,0x00000000f8080000)
  to   space 21504K, 0% used [0x00000000f8080000,0x00000000f8080000,0x00000000f9580000)
 ParOldGen       total 98816K, used 40066K [0x00000000c0000000, 0x00000000c6080000, 0x00000000eab00000)
  object space 98816K, 40% used [0x00000000c0000000,0x00000000c2720870,0x00000000c6080000)
 Metaspace       used 65576K, capacity 67610K, committed 67864K, reserved 1107968K
  class space    used 8683K, capacity 9214K, committed 9264K, reserved 1048576K
}

