# JRE version: OpenJDK Runtime Environment (8.0_152-b01) (build 1.8.0_152-release-1343-b01)
# Java VM: OpenJDK 64-Bit Server VM (25.152-b01 mixed mode windows-amd64 compressed oops)
Heap:
 PSYoungGen      total 211456K, used 9009K [0x00000000eab00000, 0x00000000f9500000, 0x0000000100000000)
  eden space 189440K, 4% used [0x00000000eab00000,0x00000000eb3cc6b8,0x00000000f6400000)
  from space 22016K, 0% used [0x00000000f7a00000,0x00000000f7a00000,0x00000000f8f80000)
  to   space 22528K, 0% used [0x00000000f6400000,0x00000000f6400000,0x00000000f7a00000)
 ParOldGen       total 155136K, used 39048K [0x00000000c0000000, 0x00000000c9780000, 0x00000000eab00000)
  object space 155136K, 25% used [0x00000000c0000000,0x00000000c2622150,0x00000000c9780000)
 Metaspace       used 57133K, capacity 58954K, committed 59264K, reserved 1099776K
  class space    used 7739K, capacity 8218K, committed 8320K, reserved 1048576K
GC Heap History (10 events):
Event: 5.830 GC heap before
{Heap before GC invocations=9 (full 2):
 PSYoungGen      total 141312K, used 9713K [0x00000000eab00000, 0x00000000f6080000, 0x0000000100000000)
  eden space 131584K, 0% used [0x00000000eab00000,0x00000000eab00000,0x00000000f2b80000)
  from space 9728K, 99% used [0x00000000f2b80000,0x00000000f34fc740,0x00000000f3500000)
  to   space 12800K, 0% used [0x00000000f5400000,0x00000000f5400000,0x00000000f6080000)
 ParOldGen       total 59392K, used 11381K [0x00000000c0000000, 0x00000000c3a00000, 0x00000000eab00000)
  object space 59392K, 19% used [0x00000000c0000000,0x00000000c0b1d6a0,0x00000000c3a00000)
 Metaspace       used 34527K, capacity 35312K, committed 35416K, reserved 1079296K
  class space    used 4786K, capacity 5052K, committed 5120K, reserved 1048576K
Event: 5.943 GC heap after
Heap after GC invocations=9 (full 2):
 PSYoungGen      total 141312K, used 0K [0x00000000eab00000, 0x00000000f6080000, 0x0000000100000000)
  eden space 131584K, 0% used [0x00000000eab00000,0x00000000eab00000,0x00000000f2b80000)
  from space 9728K, 0% used [0x00000000f2b80000,0x00000000f2b80000,0x00000000f3500000)
  to   space 12800K, 0% used [0x00000000f5400000,0x00000000f5400000,0x00000000f6080000)
 ParOldGen       total 101376K, used 19207K [0x00000000c0000000, 0x00000000c6300000, 0x00000000eab00000)
  object space 101376K, 18% used [0x00000000c0000000,0x00000000c12c1da8,0x00000000c6300000)
 Metaspace       used 34527K, capacity 35312K, committed 35416K, reserved 1079296K
  class space    used 4786K, capacity 5052K, committed 5120K, reserved 1048576K
}
Event: 7.712 GC heap before
{Heap before GC invocations=10 (full 2):
 PSYoungGen      total 141312K, used 131584K [0x00000000eab00000, 0x00000000f6080000, 0x0000000100000000)
  eden space 131584K, 100% used [0x00000000eab00000,0x00000000f2b80000,0x00000000f2b80000)
  from space 9728K, 0% used [0x00000000f2b80000,0x00000000f2b80000,0x00000000f3500000)
  to   space 12800K, 0% used [0x00000000f5400000,0x00000000f5400000,0x00000000f6080000)
 ParOldGen       total 101376K, used 19207K [0x00000000c0000000, 0x00000000c6300000, 0x00000000eab00000)
  object space 101376K, 18% used [0x00000000c0000000,0x00000000c12c1da8,0x00000000c6300000)
 Metaspace       used 43334K, capacity 44346K, committed 44672K, reserved 1087488K
  class space    used 5876K, capacity 6194K, committed 6272K, reserved 1048576K
Event: 7.746 GC heap after
Heap after GC invocations=10 (full 2):
 PSYoungGen      total 169984K, used 12776K [0x00000000eab00000, 0x00000000f7b00000, 0x0000000100000000)
  eden space 157184K, 0% used [0x00000000eab00000,0x00000000eab00000,0x00000000f4480000)
  from space 12800K, 99% used [0x00000000f5400000,0x00000000f607a030,0x00000000f6080000)
  to   space 15872K, 0% used [0x00000000f4480000,0x00000000f4480000,0x00000000f5400000)
 ParOldGen       total 101376K, used 22200K [0x00000000c0000000, 0x00000000c6300000, 0x00000000eab00000)
  object space 101376K, 21% used [0x00000000c0000000,0x00000000c15ae010,0x00000000c6300000)
 Metaspace       used 43334K, capacity 44346K, committed 44672K, reserved 1087488K
  class space    used 5876K, capacity 6194K, committed 6272K, reserved 1048576K
}
Event: 11.406 GC heap before
{Heap before GC invocations=11 (full 2):
 PSYoungGen      total 169984K, used 169960K [0x00000000eab00000, 0x00000000f7b00000, 0x0000000100000000)
  eden space 157184K, 100% used [0x00000000eab00000,0x00000000f4480000,0x00000000f4480000)
  from space 12800K, 99% used [0x00000000f5400000,0x00000000f607a030,0x00000000f6080000)
  to   space 15872K, 0% used [0x00000000f4480000,0x00000000f4480000,0x00000000f5400000)
 ParOldGen       total 101376K, used 22200K [0x00000000c0000000, 0x00000000c6300000, 0x00000000eab00000)
  object space 101376K, 21% used [0x00000000c0000000,0x00000000c15ae010,0x00000000c6300000)
 Metaspace       used 56269K, capacity 58104K, committed 58368K, reserved 1099776K
  class space    used 7677K, capacity 8151K, committed 8192K, reserved 1048576K
Event: 11.436 GC heap after
Heap after GC invocations=11 (full 2):
 PSYoungGen      total 173056K, used 15845K [0x00000000eab00000, 0x00000000f8f80000, 0x0000000100000000)
  eden space 157184K, 0% used [0x00000000eab00000,0x00000000eab00000,0x00000000f4480000)
  from space 15872K, 99% used [0x00000000f4480000,0x00000000f53f97a0,0x00000000f5400000)
  to   space 22016K, 0% used [0x00000000f7a00000,0x00000000f7a00000,0x00000000f8f80000)
 ParOldGen       total 101376K, used 32236K [0x00000000c0000000, 0x00000000c6300000, 0x00000000eab00000)
  object space 101376K, 31% used [0x00000000c0000000,0x00000000c1f7b308,0x00000000c6300000)
 Metaspace       used 56269K, capacity 58104K, committed 58368K, reserved 1099776K
  class space    used 7677K, capacity 8151K, committed 8192K, reserved 1048576K
}
Event: 12.301 GC heap before
{Heap before GC invocations=12 (full 2):
 PSYoungGen      total 173056K, used 69315K [0x00000000eab00000, 0x00000000f8f80000, 0x0000000100000000)
  eden space 157184K, 34% used [0x00000000eab00000,0x00000000edf375f8,0x00000000f4480000)
  from space 15872K, 99% used [0x00000000f4480000,0x00000000f53f97a0,0x00000000f5400000)
  to   space 22016K, 0% used [0x00000000f7a00000,0x00000000f7a00000,0x00000000f8f80000)
 ParOldGen       total 101376K, used 32236K [0x00000000c0000000, 0x00000000c6300000, 0x00000000eab00000)
  object space 101376K, 31% used [0x00000000c0000000,0x00000000c1f7b308,0x00000000c6300000)
 Metaspace       used 57060K, capacity 58884K, committed 59008K, reserved 1099776K
  class space    used 7732K, capacity 8217K, committed 8320K, reserved 1048576K
Event: 12.325 GC heap after
Heap after GC invocations=12 (full 2):
 PSYoungGen      total 211456K, used 15695K [0x00000000eab00000, 0x00000000f9500000, 0x0000000100000000)
  eden space 189440K, 0% used [0x00000000eab00000,0x00000000eab00000,0x00000000f6400000)
  from space 22016K, 71% used [0x00000000f7a00000,0x00000000f8953f18,0x00000000f8f80000)
  to   space 22528K, 0% used [0x00000000f6400000,0x00000000f6400000,0x00000000f7a00000)
 ParOldGen       total 101376K, used 39759K [0x00000000c0000000, 0x00000000c6300000, 0x00000000eab00000)
  object space 101376K, 39% used [0x00000000c0000000,0x00000000c26d3cb0,0x00000000c6300000)
 Metaspace       used 57060K, capacity 58884K, committed 59008K, reserved 1099776K
  class space    used 7732K, capacity 8217K, committed 8320K, reserved 1048576K
}
Event: 12.325 GC heap before
{Heap before GC invocations=13 (full 3):
 PSYoungGen      total 211456K, used 15695K [0x00000000eab00000, 0x00000000f9500000, 0x0000000100000000)
  eden space 189440K, 0% used [0x00000000eab00000,0x00000000eab00000,0x00000000f6400000)
  from space 22016K, 71% used [0x00000000f7a00000,0x00000000f8953f18,0x00000000f8f80000)
  to   space 22528K, 0% used [0x00000000f6400000,0x00000000f6400000,0x00000000f7a00000)
 ParOldGen       total 101376K, used 39759K [0x00000000c0000000, 0x00000000c6300000, 0x00000000eab00000)
  object space 101376K, 39% used [0x00000000c0000000,0x00000000c26d3cb0,0x00000000c6300000)
 Metaspace       used 57060K, capacity 58884K, committed 59008K, reserved 1099776K
  class space    used 7732K, capacity 8217K, committed 8320K, reserved 1048576K
Event: 12.519 GC heap after
Heap after GC invocations=13 (full 3):
 PSYoungGen      total 211456K, used 0K [0x00000000eab00000, 0x00000000f9500000, 0x0000000100000000)
  eden space 189440K, 0% used [0x00000000eab00000,0x00000000eab00000,0x00000000f6400000)
  from space 22016K, 0% used [0x00000000f7a00000,0x00000000f7a00000,0x00000000f8f80000)
  to   space 22528K, 0% used [0x00000000f6400000,0x00000000f6400000,0x00000000f7a00000)
 ParOldGen       total 155136K, used 39048K [0x00000000c0000000, 0x00000000c9780000, 0x00000000eab00000)
  object space 155136K, 25% used [0x00000000c0000000,0x00000000c2622150,0x00000000c9780000)
 Metaspace       used 57060K, capacity 58884K, committed 59008K, reserved 1099776K
  class space    used 7732K, capacity 8217K, committed 8320K, reserved 1048576K
}

