# JRE version: OpenJDK Runtime Environment (8.0_152-b01) (build 1.8.0_152-release-1343-b01)
# Java VM: OpenJDK 64-Bit Server VM (25.152-b01 mixed mode windows-amd64 compressed oops)
Heap:
 PSYoungGen      total 103424K, used 16959K [0x00000000eab00000, 0x00000000f1c00000, 0x0000000100000000)
  eden space 93184K, 18% used [0x00000000eab00000,0x00000000ebb8ff28,0x00000000f0600000)
  from space 10240K, 0% used [0x00000000f1100000,0x00000000f1100000,0x00000000f1b00000)
  to   space 11264K, 0% used [0x00000000f0600000,0x00000000f0600000,0x00000000f1100000)
 ParOldGen       total 94208K, used 16292K [0x00000000c0000000, 0x00000000c5c00000, 0x00000000eab00000)
  object space 94208K, 17% used [0x00000000c0000000,0x00000000c0fe93c8,0x00000000c5c00000)
 Metaspace       used 36366K, capacity 37188K, committed 37296K, reserved 1081344K
  class space    used 5023K, capacity 5292K, committed 5296K, reserved 1048576K
GC Heap History (10 events):
Event: 2.830 GC heap before
{Heap before GC invocations=6 (full 1):
 PSYoungGen      total 71680K, used 5088K [0x00000000eab00000, 0x00000000ef600000, 0x0000000100000000)
  eden space 66560K, 0% used [0x00000000eab00000,0x00000000eab00000,0x00000000eec00000)
  from space 5120K, 99% used [0x00000000eec00000,0x00000000ef0f8030,0x00000000ef100000)
  to   space 5120K, 0% used [0x00000000ef100000,0x00000000ef100000,0x00000000ef600000)
 ParOldGen       total 87552K, used 8134K [0x00000000c0000000, 0x00000000c5580000, 0x00000000eab00000)
  object space 87552K, 9% used [0x00000000c0000000,0x00000000c07f1b20,0x00000000c5580000)
 Metaspace       used 20749K, capacity 21240K, committed 21296K, reserved 1067008K
  class space    used 2908K, capacity 3076K, committed 3120K, reserved 1048576K
Event: 2.877 GC heap after
Heap after GC invocations=6 (full 1):
 PSYoungGen      total 71680K, used 0K [0x00000000eab00000, 0x00000000ef600000, 0x0000000100000000)
  eden space 66560K, 0% used [0x00000000eab00000,0x00000000eab00000,0x00000000eec00000)
  from space 5120K, 0% used [0x00000000eec00000,0x00000000eec00000,0x00000000ef100000)
  to   space 5120K, 0% used [0x00000000ef100000,0x00000000ef100000,0x00000000ef600000)
 ParOldGen       total 59392K, used 8092K [0x00000000c0000000, 0x00000000c3a00000, 0x00000000eab00000)
  object space 59392K, 13% used [0x00000000c0000000,0x00000000c07e7318,0x00000000c3a00000)
 Metaspace       used 20749K, capacity 21240K, committed 21296K, reserved 1067008K
  class space    used 2908K, capacity 3076K, committed 3120K, reserved 1048576K
}
Event: 3.719 GC heap before
{Heap before GC invocations=7 (full 1):
 PSYoungGen      total 71680K, used 66560K [0x00000000eab00000, 0x00000000ef600000, 0x0000000100000000)
  eden space 66560K, 100% used [0x00000000eab00000,0x00000000eec00000,0x00000000eec00000)
  from space 5120K, 0% used [0x00000000eec00000,0x00000000eec00000,0x00000000ef100000)
  to   space 5120K, 0% used [0x00000000ef100000,0x00000000ef100000,0x00000000ef600000)
 ParOldGen       total 59392K, used 8092K [0x00000000c0000000, 0x00000000c3a00000, 0x00000000eab00000)
  object space 59392K, 13% used [0x00000000c0000000,0x00000000c07e7318,0x00000000c3a00000)
 Metaspace       used 26606K, capacity 27186K, committed 27440K, reserved 1073152K
  class space    used 3659K, capacity 3833K, committed 3888K, reserved 1048576K
Event: 3.728 GC heap after
Heap after GC invocations=7 (full 1):
 PSYoungGen      total 67072K, used 5105K [0x00000000eab00000, 0x00000000f2380000, 0x0000000100000000)
  eden space 61952K, 0% used [0x00000000eab00000,0x00000000eab00000,0x00000000ee780000)
  from space 5120K, 99% used [0x00000000ef100000,0x00000000ef5fc548,0x00000000ef600000)
  to   space 9728K, 0% used [0x00000000ee780000,0x00000000ee780000,0x00000000ef100000)
 ParOldGen       total 59392K, used 10178K [0x00000000c0000000, 0x00000000c3a00000, 0x00000000eab00000)
  object space 59392K, 17% used [0x00000000c0000000,0x00000000c09f08f8,0x00000000c3a00000)
 Metaspace       used 26606K, capacity 27186K, committed 27440K, reserved 1073152K
  class space    used 3659K, capacity 3833K, committed 3888K, reserved 1048576K
}
Event: 4.489 GC heap before
{Heap before GC invocations=8 (full 1):
 PSYoungGen      total 67072K, used 67057K [0x00000000eab00000, 0x00000000f2380000, 0x0000000100000000)
  eden space 61952K, 100% used [0x00000000eab00000,0x00000000ee780000,0x00000000ee780000)
  from space 5120K, 99% used [0x00000000ef100000,0x00000000ef5fc548,0x00000000ef600000)
  to   space 9728K, 0% used [0x00000000ee780000,0x00000000ee780000,0x00000000ef100000)
 ParOldGen       total 59392K, used 10178K [0x00000000c0000000, 0x00000000c3a00000, 0x00000000eab00000)
  object space 59392K, 17% used [0x00000000c0000000,0x00000000c09f08f8,0x00000000c3a00000)
 Metaspace       used 29765K, capacity 30334K, committed 30512K, reserved 1075200K
  class space    used 4157K, capacity 4349K, committed 4400K, reserved 1048576K
Event: 4.495 GC heap after
Heap after GC invocations=8 (full 1):
 PSYoungGen      total 71680K, used 7886K [0x00000000eab00000, 0x00000000f1b00000, 0x0000000100000000)
  eden space 61952K, 0% used [0x00000000eab00000,0x00000000eab00000,0x00000000ee780000)
  from space 9728K, 81% used [0x00000000ee780000,0x00000000eef33940,0x00000000ef100000)
  to   space 10240K, 0% used [0x00000000f1100000,0x00000000f1100000,0x00000000f1b00000)
 ParOldGen       total 59392K, used 10186K [0x00000000c0000000, 0x00000000c3a00000, 0x00000000eab00000)
  object space 59392K, 17% used [0x00000000c0000000,0x00000000c09f28f8,0x00000000c3a00000)
 Metaspace       used 29765K, capacity 30334K, committed 30512K, reserved 1075200K
  class space    used 4157K, capacity 4349K, committed 4400K, reserved 1048576K
}
Event: 5.425 GC heap before
{Heap before GC invocations=9 (full 1):
 PSYoungGen      total 71680K, used 42222K [0x00000000eab00000, 0x00000000f1b00000, 0x0000000100000000)
  eden space 61952K, 55% used [0x00000000eab00000,0x00000000ecc87f30,0x00000000ee780000)
  from space 9728K, 81% used [0x00000000ee780000,0x00000000eef33940,0x00000000ef100000)
  to   space 10240K, 0% used [0x00000000f1100000,0x00000000f1100000,0x00000000f1b00000)
 ParOldGen       total 59392K, used 10186K [0x00000000c0000000, 0x00000000c3a00000, 0x00000000eab00000)
  object space 59392K, 17% used [0x00000000c0000000,0x00000000c09f28f8,0x00000000c3a00000)
 Metaspace       used 34525K, capacity 35344K, committed 35496K, reserved 1079296K
  class space    used 4789K, capacity 5084K, committed 5168K, reserved 1048576K
Event: 5.438 GC heap after
Heap after GC invocations=9 (full 1):
 PSYoungGen      total 103424K, used 9790K [0x00000000eab00000, 0x00000000f1c00000, 0x0000000100000000)
  eden space 93184K, 0% used [0x00000000eab00000,0x00000000eab00000,0x00000000f0600000)
  from space 10240K, 95% used [0x00000000f1100000,0x00000000f1a8fae8,0x00000000f1b00000)
  to   space 11264K, 0% used [0x00000000f0600000,0x00000000f0600000,0x00000000f1100000)
 ParOldGen       total 59392K, used 10194K [0x00000000c0000000, 0x00000000c3a00000, 0x00000000eab00000)
  object space 59392K, 17% used [0x00000000c0000000,0x00000000c09f48f8,0x00000000c3a00000)
 Metaspace       used 34525K, capacity 35344K, committed 35496K, reserved 1079296K
  class space    used 4789K, capacity 5084K, committed 5168K, reserved 1048576K
}
Event: 5.438 GC heap before
{Heap before GC invocations=10 (full 2):
 PSYoungGen      total 103424K, used 9790K [0x00000000eab00000, 0x00000000f1c00000, 0x0000000100000000)
  eden space 93184K, 0% used [0x00000000eab00000,0x00000000eab00000,0x00000000f0600000)
  from space 10240K, 95% used [0x00000000f1100000,0x00000000f1a8fae8,0x00000000f1b00000)
  to   space 11264K, 0% used [0x00000000f0600000,0x00000000f0600000,0x00000000f1100000)
 ParOldGen       total 59392K, used 10194K [0x00000000c0000000, 0x00000000c3a00000, 0x00000000eab00000)
  object space 59392K, 17% used [0x00000000c0000000,0x00000000c09f48f8,0x00000000c3a00000)
 Metaspace       used 34525K, capacity 35344K, committed 35496K, reserved 1079296K
  class space    used 4789K, capacity 5084K, committed 5168K, reserved 1048576K
Event: 5.513 GC heap after
Heap after GC invocations=10 (full 2):
 PSYoungGen      total 103424K, used 0K [0x00000000eab00000, 0x00000000f1c00000, 0x0000000100000000)
  eden space 93184K, 0% used [0x00000000eab00000,0x00000000eab00000,0x00000000f0600000)
  from space 10240K, 0% used [0x00000000f1100000,0x00000000f1100000,0x00000000f1b00000)
  to   space 11264K, 0% used [0x00000000f0600000,0x00000000f0600000,0x00000000f1100000)
 ParOldGen       total 94208K, used 16292K [0x00000000c0000000, 0x00000000c5c00000, 0x00000000eab00000)
  object space 94208K, 17% used [0x00000000c0000000,0x00000000c0fe93c8,0x00000000c5c00000)
 Metaspace       used 34525K, capacity 35344K, committed 35496K, reserved 1079296K
  class space    used 4789K, capacity 5084K, committed 5168K, reserved 1048576K
}

